<?xml version="1.0" encoding="UTF-8"?>
<testsuite name="com.cloudurable.helloworld.HelloWorldApplicationTests" tests="1" skipped="0" failures="0" errors="0" timestamp="2020-03-06T23:49:35" hostname="rick-linux" time="0.557">
  <properties/>
  <testcase name="contextLoads()" classname="com.cloudurable.helloworld.HelloWorldApplicationTests" time="0.557"/>
  <system-out><![CDATA[15:49:28.448 [Test worker] DEBUG org.springframework.test.context.BootstrapUtils - Instantiating CacheAwareContextLoaderDelegate from class [org.springframework.test.context.cache.DefaultCacheAwareContextLoaderDelegate]
15:49:28.463 [Test worker] DEBUG org.springframework.test.context.BootstrapUtils - Instantiating BootstrapContext using constructor [public org.springframework.test.context.support.DefaultBootstrapContext(java.lang.Class,org.springframework.test.context.CacheAwareContextLoaderDelegate)]
15:49:28.488 [Test worker] DEBUG org.springframework.test.context.BootstrapUtils - Instantiating TestContextBootstrapper for test class [com.cloudurable.helloworld.HelloWorldApplicationTests] from class [org.springframework.boot.test.context.SpringBootTestContextBootstrapper]
15:49:28.501 [Test worker] INFO org.springframework.boot.test.context.SpringBootTestContextBootstrapper - Neither @ContextConfiguration nor @ContextHierarchy found for test class [com.cloudurable.helloworld.HelloWorldApplicationTests], using SpringBootContextLoader
15:49:28.505 [Test worker] DEBUG org.springframework.test.context.support.AbstractContextLoader - Did not detect default resource location for test class [com.cloudurable.helloworld.HelloWorldApplicationTests]: class path resource [com/cloudurable/helloworld/HelloWorldApplicationTests-context.xml] does not exist
15:49:28.505 [Test worker] DEBUG org.springframework.test.context.support.AbstractContextLoader - Did not detect default resource location for test class [com.cloudurable.helloworld.HelloWorldApplicationTests]: class path resource [com/cloudurable/helloworld/HelloWorldApplicationTestsContext.groovy] does not exist
15:49:28.506 [Test worker] INFO org.springframework.test.context.support.AbstractContextLoader - Could not detect default resource locations for test class [com.cloudurable.helloworld.HelloWorldApplicationTests]: no resource found for suffixes {-context.xml, Context.groovy}.
15:49:28.508 [Test worker] INFO org.springframework.test.context.support.AnnotationConfigContextLoaderUtils - Could not detect default configuration classes for test class [com.cloudurable.helloworld.HelloWorldApplicationTests]: HelloWorldApplicationTests does not declare any static, non-private, non-final, nested classes annotated with @Configuration.
15:49:28.540 [Test worker] DEBUG org.springframework.test.context.support.ActiveProfilesUtils - Could not find an 'annotation declaring class' for annotation type [org.springframework.test.context.ActiveProfiles] and class [com.cloudurable.helloworld.HelloWorldApplicationTests]
15:49:28.592 [Test worker] DEBUG org.springframework.context.annotation.ClassPathScanningCandidateComponentProvider - Identified candidate component class: file [/home/robert/github/kube-training/hello-kube/services/hello-world/build/classes/java/main/com/cloudurable/helloworld/HelloWorldApplication.class]
15:49:28.599 [Test worker] INFO org.springframework.boot.test.context.SpringBootTestContextBootstrapper - Found @SpringBootConfiguration com.cloudurable.helloworld.HelloWorldApplication for test class com.cloudurable.helloworld.HelloWorldApplicationTests
15:49:28.685 [Test worker] DEBUG org.springframework.boot.test.context.SpringBootTestContextBootstrapper - @TestExecutionListeners is not present for class [com.cloudurable.helloworld.HelloWorldApplicationTests]: using defaults.
15:49:28.686 [Test worker] INFO org.springframework.boot.test.context.SpringBootTestContextBootstrapper - Loaded default TestExecutionListener class names from location [META-INF/spring.factories]: [org.springframework.boot.test.autoconfigure.restdocs.RestDocsTestExecutionListener, org.springframework.boot.test.autoconfigure.web.client.MockRestServiceServerResetTestExecutionListener, org.springframework.boot.test.autoconfigure.web.servlet.MockMvcPrintOnlyOnFailureTestExecutionListener, org.springframework.boot.test.autoconfigure.web.servlet.WebDriverTestExecutionListener, org.springframework.boot.test.mock.mockito.MockitoTestExecutionListener, org.springframework.boot.test.mock.mockito.ResetMocksTestExecutionListener, org.springframework.test.context.web.ServletTestExecutionListener, org.springframework.test.context.support.DirtiesContextBeforeModesTestExecutionListener, org.springframework.test.context.support.DependencyInjectionTestExecutionListener, org.springframework.test.context.support.DirtiesContextTestExecutionListener, org.springframework.test.context.transaction.TransactionalTestExecutionListener, org.springframework.test.context.jdbc.SqlScriptsTestExecutionListener, org.springframework.test.context.event.EventPublishingTestExecutionListener]
15:49:28.695 [Test worker] DEBUG org.springframework.boot.test.context.SpringBootTestContextBootstrapper - Skipping candidate TestExecutionListener [org.springframework.test.context.transaction.TransactionalTestExecutionListener] due to a missing dependency. Specify custom listener classes or make the default listener classes and their required dependencies available. Offending class: [org.springframework.transaction.interceptor.TransactionAttributeSource]
15:49:28.697 [Test worker] DEBUG org.springframework.boot.test.context.SpringBootTestContextBootstrapper - Skipping candidate TestExecutionListener [org.springframework.test.context.jdbc.SqlScriptsTestExecutionListener] due to a missing dependency. Specify custom listener classes or make the default listener classes and their required dependencies available. Offending class: [org.springframework.transaction.interceptor.TransactionAttribute]
15:49:28.698 [Test worker] INFO org.springframework.boot.test.context.SpringBootTestContextBootstrapper - Using TestExecutionListeners: [org.springframework.test.context.web.ServletTestExecutionListener@fc6c6958, org.springframework.test.context.support.DirtiesContextBeforeModesTestExecutionListener@e564e3ec, org.springframework.boot.test.mock.mockito.MockitoTestExecutionListener@8b1ad289, org.springframework.boot.test.autoconfigure.SpringBootDependencyInjectionTestExecutionListener@4f6a6f8d, org.springframework.test.context.support.DirtiesContextTestExecutionListener@16286b65, org.springframework.test.context.event.EventPublishingTestExecutionListener@4ac8620f, org.springframework.boot.test.autoconfigure.restdocs.RestDocsTestExecutionListener@fe0e2c5d, org.springframework.boot.test.autoconfigure.web.client.MockRestServiceServerResetTestExecutionListener@2ba7cd1a, org.springframework.boot.test.autoconfigure.web.servlet.MockMvcPrintOnlyOnFailureTestExecutionListener@4a67701e, org.springframework.boot.test.autoconfigure.web.servlet.WebDriverTestExecutionListener@f5014968, org.springframework.boot.test.mock.mockito.ResetMocksTestExecutionListener@bf4e219b]
15:49:28.701 [Test worker] DEBUG org.springframework.test.context.support.AbstractDirtiesContextTestExecutionListener - Before test class: context [DefaultTestContext@ef12e84e testClass = HelloWorldApplicationTests, testInstance = [null], testMethod = [null], testException = [null], mergedContextConfiguration = [WebMergedContextConfiguration@438a2df8 testClass = HelloWorldApplicationTests, locations = '{}', classes = '{class com.cloudurable.helloworld.HelloWorldApplication}', contextInitializerClasses = '[]', activeProfiles = '{}', propertySourceLocations = '{}', propertySourceProperties = '{org.springframework.boot.test.context.SpringBootTestContextBootstrapper=true}', contextCustomizers = set[org.springframework.boot.test.autoconfigure.properties.PropertyMappingContextCustomizer@0, org.springframework.boot.test.autoconfigure.web.servlet.WebDriverContextCustomizerFactory$Customizer@2c4fdd5f, org.springframework.boot.test.context.filter.ExcludeFilterContextCustomizer@e60d4423, org.springframework.boot.test.json.DuplicateJsonObjectContextCustomizerFactory$DuplicateJsonObjectContextCustomizer@91f83845, org.springframework.boot.test.mock.mockito.MockitoContextCustomizer@0, org.springframework.boot.test.web.client.TestRestTemplateContextCustomizer@e4d3daf1], resourceBasePath = 'src/main/webapp', contextLoader = 'org.springframework.boot.test.context.SpringBootContextLoader', parent = [null]], attributes = map['org.springframework.test.context.web.ServletTestExecutionListener.activateListener' -> true]], class annotated with @DirtiesContext [false] with mode [null].
15:49:28.725 [Test worker] DEBUG org.springframework.test.context.support.TestPropertySourceUtils - Adding inlined properties to environment: {spring.jmx.enabled=false, org.springframework.boot.test.context.SpringBootTestContextBootstrapper=true, server.port=-1}

  .   ____          _            __ _ _
 /\\ / ___'_ __ _ _(_)_ __  __ _ \ \ \ \
( ( )\___ | '_ | '_| | '_ \/ _` | \ \ \ \
 \\/  ___)| |_)| | | | | || (_| |  ) ) ) )
  '  |____| .__|_| |_|_| |_\__, | / / / /
 =========|_|==============|___/=/_/_/_/
 :: Spring Boot ::        (v2.2.5.RELEASE)

2020-03-06 15:49:29.280  INFO 12396 --- [    Test worker] c.c.h.HelloWorldApplicationTests         : Starting HelloWorldApplicationTests on rick-linux with PID 12396 (started by robert in /home/robert/github/kube-training/hello-kube/services/hello-world)
2020-03-06 15:49:29.284  INFO 12396 --- [    Test worker] c.c.h.HelloWorldApplicationTests         : No active profile set, falling back to default profiles: default
2020-03-06 15:49:34.101  INFO 12396 --- [    Test worker] o.s.s.concurrent.ThreadPoolTaskExecutor  : Initializing ExecutorService 'applicationTaskExecutor'
2020-03-06 15:49:35.386  INFO 12396 --- [    Test worker] o.s.b.a.e.web.EndpointLinksResolver      : Exposing 2 endpoint(s) beneath base path '/actuator'
2020-03-06 15:49:35.571  INFO 12396 --- [    Test worker] c.c.h.HelloWorldApplicationTests         : Started HelloWorldApplicationTests in 6.835 seconds (JVM running for 7.82)
]]></system-out>
  <system-err><![CDATA[]]></system-err>
</testsuite>
